{"/home/d4nielj/Microverse/2-javascript/todo-list/src/app/components/addTask.js": {"path":"/home/d4nielj/Microverse/2-javascript/todo-list/src/app/components/addTask.js","statementMap":{"0":{"start":{"line":10,"column":16},"end":{"line":13,"column":3}},"1":{"start":{"line":11,"column":4},"end":{"line":11,"column":47}},"2":{"start":{"line":12,"column":4},"end":{"line":12,"column":55}},"3":{"start":{"line":15,"column":12},"end":{"line":21,"column":3}},"4":{"start":{"line":16,"column":4},"end":{"line":16,"column":23}},"5":{"start":{"line":17,"column":4},"end":{"line":17,"column":46}},"6":{"start":{"line":18,"column":4},"end":{"line":18,"column":22}},"7":{"start":{"line":19,"column":4},"end":{"line":19,"column":25}},"8":{"start":{"line":20,"column":4},"end":{"line":20,"column":18}},"9":{"start":{"line":24,"column":16},"end":{"line":24,"column":29}}},"fnMap":{"0":{"name":"(anonymous_0)","decl":{"start":{"line":10,"column":16},"end":{"line":10,"column":17}},"loc":{"start":{"line":10,"column":22},"end":{"line":13,"column":3}},"line":10},"1":{"name":"(anonymous_1)","decl":{"start":{"line":15,"column":12},"end":{"line":15,"column":13}},"loc":{"start":{"line":15,"column":19},"end":{"line":21,"column":3}},"line":15}},"branchMap":{},"s":{"0":2,"1":1,"2":1,"3":2,"4":2,"5":2,"6":2,"7":2,"8":2,"9":2},"f":{"0":1,"1":2},"b":{},"_coverageSchema":"1a1c01bbd47fc00a2c39e90264f33305004495a9","hash":"bab2c6bee33e26f550aa35caa7534e3032ed45c0"}
,"/home/d4nielj/Microverse/2-javascript/todo-list/src/app/utils/todoList.js": {"path":"/home/d4nielj/Microverse/2-javascript/todo-list/src/app/utils/todoList.js","statementMap":{"0":{"start":{"line":6,"column":4},"end":{"line":6,"column":18}},"1":{"start":{"line":9,"column":18},"end":{"line":14,"column":3}},"2":{"start":{"line":10,"column":4},"end":{"line":12,"column":5}},"3":{"start":{"line":11,"column":6},"end":{"line":11,"column":18}},"4":{"start":{"line":13,"column":4},"end":{"line":13,"column":17}},"5":{"start":{"line":16,"column":17},"end":{"line":22,"column":3}},"6":{"start":{"line":17,"column":19},"end":{"line":17,"column":20}},"7":{"start":{"line":18,"column":4},"end":{"line":21,"column":7}},"8":{"start":{"line":19,"column":6},"end":{"line":19,"column":28}},"9":{"start":{"line":20,"column":6},"end":{"line":20,"column":20}},"10":{"start":{"line":24,"column":12},"end":{"line":28,"column":3}},"11":{"start":{"line":25,"column":20},"end":{"line":25,"column":62}},"12":{"start":{"line":26,"column":4},"end":{"line":26,"column":40}},"13":{"start":{"line":27,"column":4},"end":{"line":27,"column":31}},"14":{"start":{"line":30,"column":12},"end":{"line":36,"column":3}},"15":{"start":{"line":31,"column":4},"end":{"line":33,"column":5}},"16":{"start":{"line":32,"column":6},"end":{"line":32,"column":39}},"17":{"start":{"line":34,"column":17},"end":{"line":34,"column":32}},"18":{"start":{"line":35,"column":4},"end":{"line":35,"column":16}},"19":{"start":{"line":38,"column":15},"end":{"line":47,"column":3}},"20":{"start":{"line":39,"column":4},"end":{"line":41,"column":5}},"21":{"start":{"line":40,"column":6},"end":{"line":40,"column":39}},"22":{"start":{"line":42,"column":26},"end":{"line":42,"column":73}},"23":{"start":{"line":42,"column":52},"end":{"line":42,"column":72}},"24":{"start":{"line":43,"column":4},"end":{"line":43,"column":63}},"25":{"start":{"line":43,"column":41},"end":{"line":43,"column":61}},"26":{"start":{"line":44,"column":4},"end":{"line":44,"column":24}},"27":{"start":{"line":45,"column":4},"end":{"line":45,"column":31}},"28":{"start":{"line":46,"column":4},"end":{"line":46,"column":23}},"29":{"start":{"line":49,"column":14},"end":{"line":59,"column":3}},"30":{"start":{"line":50,"column":4},"end":{"line":52,"column":5}},"31":{"start":{"line":51,"column":6},"end":{"line":51,"column":42}},"32":{"start":{"line":53,"column":20},"end":{"line":53,"column":24}},"33":{"start":{"line":54,"column":4},"end":{"line":54,"column":26}},"34":{"start":{"line":55,"column":4},"end":{"line":55,"column":39}},"35":{"start":{"line":56,"column":4},"end":{"line":56,"column":24}},"36":{"start":{"line":57,"column":4},"end":{"line":57,"column":31}},"37":{"start":{"line":58,"column":4},"end":{"line":58,"column":19}},"38":{"start":{"line":61,"column":17},"end":{"line":69,"column":3}},"39":{"start":{"line":62,"column":4},"end":{"line":64,"column":5}},"40":{"start":{"line":63,"column":6},"end":{"line":63,"column":39}},"41":{"start":{"line":65,"column":17},"end":{"line":65,"column":36}},"42":{"start":{"line":66,"column":4},"end":{"line":66,"column":20}},"43":{"start":{"line":67,"column":4},"end":{"line":67,"column":31}},"44":{"start":{"line":68,"column":4},"end":{"line":68,"column":16}},"45":{"start":{"line":71,"column":13},"end":{"line":79,"column":3}},"46":{"start":{"line":72,"column":4},"end":{"line":74,"column":5}},"47":{"start":{"line":73,"column":6},"end":{"line":73,"column":39}},"48":{"start":{"line":75,"column":17},"end":{"line":75,"column":36}},"49":{"start":{"line":76,"column":4},"end":{"line":76,"column":20}},"50":{"start":{"line":77,"column":4},"end":{"line":77,"column":31}},"51":{"start":{"line":78,"column":4},"end":{"line":78,"column":16}},"52":{"start":{"line":81,"column":19},"end":{"line":89,"column":3}},"53":{"start":{"line":82,"column":4},"end":{"line":86,"column":7}},"54":{"start":{"line":83,"column":6},"end":{"line":85,"column":7}},"55":{"start":{"line":84,"column":8},"end":{"line":84,"column":67}},"56":{"start":{"line":84,"column":45},"end":{"line":84,"column":65}},"57":{"start":{"line":87,"column":4},"end":{"line":87,"column":24}},"58":{"start":{"line":88,"column":4},"end":{"line":88,"column":31}},"59":{"start":{"line":91,"column":9},"end":{"line":98,"column":3}},"60":{"start":{"line":92,"column":4},"end":{"line":97,"column":5}},"61":{"start":{"line":93,"column":26},"end":{"line":93,"column":44}},"62":{"start":{"line":94,"column":6},"end":{"line":96,"column":9}},"63":{"start":{"line":95,"column":8},"end":{"line":95,"column":48}},"64":{"start":{"line":101,"column":17},"end":{"line":101,"column":31}}},"fnMap":{"0":{"name":"(anonymous_0)","decl":{"start":{"line":5,"column":2},"end":{"line":5,"column":3}},"loc":{"start":{"line":5,"column":16},"end":{"line":7,"column":3}},"line":5},"1":{"name":"(anonymous_1)","decl":{"start":{"line":9,"column":18},"end":{"line":9,"column":19}},"loc":{"start":{"line":9,"column":39},"end":{"line":14,"column":3}},"line":9},"2":{"name":"(anonymous_2)","decl":{"start":{"line":16,"column":17},"end":{"line":16,"column":18}},"loc":{"start":{"line":16,"column":23},"end":{"line":22,"column":3}},"line":16},"3":{"name":"(anonymous_3)","decl":{"start":{"line":18,"column":21},"end":{"line":18,"column":22}},"loc":{"start":{"line":18,"column":31},"end":{"line":21,"column":5}},"line":18},"4":{"name":"(anonymous_4)","decl":{"start":{"line":24,"column":12},"end":{"line":24,"column":13}},"loc":{"start":{"line":24,"column":41},"end":{"line":28,"column":3}},"line":24},"5":{"name":"(anonymous_5)","decl":{"start":{"line":30,"column":12},"end":{"line":30,"column":13}},"loc":{"start":{"line":30,"column":23},"end":{"line":36,"column":3}},"line":30},"6":{"name":"(anonymous_6)","decl":{"start":{"line":38,"column":15},"end":{"line":38,"column":16}},"loc":{"start":{"line":38,"column":26},"end":{"line":47,"column":3}},"line":38},"7":{"name":"(anonymous_7)","decl":{"start":{"line":42,"column":42},"end":{"line":42,"column":43}},"loc":{"start":{"line":42,"column":52},"end":{"line":42,"column":72}},"line":42},"8":{"name":"(anonymous_8)","decl":{"start":{"line":43,"column":31},"end":{"line":43,"column":32}},"loc":{"start":{"line":43,"column":41},"end":{"line":43,"column":61}},"line":43},"9":{"name":"(anonymous_9)","decl":{"start":{"line":49,"column":14},"end":{"line":49,"column":15}},"loc":{"start":{"line":49,"column":35},"end":{"line":59,"column":3}},"line":49},"10":{"name":"(anonymous_10)","decl":{"start":{"line":61,"column":17},"end":{"line":61,"column":18}},"loc":{"start":{"line":61,"column":28},"end":{"line":69,"column":3}},"line":61},"11":{"name":"(anonymous_11)","decl":{"start":{"line":71,"column":13},"end":{"line":71,"column":14}},"loc":{"start":{"line":71,"column":30},"end":{"line":79,"column":3}},"line":71},"12":{"name":"(anonymous_12)","decl":{"start":{"line":81,"column":19},"end":{"line":81,"column":20}},"loc":{"start":{"line":81,"column":25},"end":{"line":89,"column":3}},"line":81},"13":{"name":"(anonymous_13)","decl":{"start":{"line":82,"column":21},"end":{"line":82,"column":22}},"loc":{"start":{"line":82,"column":38},"end":{"line":86,"column":5}},"line":82},"14":{"name":"(anonymous_14)","decl":{"start":{"line":84,"column":35},"end":{"line":84,"column":36}},"loc":{"start":{"line":84,"column":45},"end":{"line":84,"column":65}},"line":84},"15":{"name":"(anonymous_15)","decl":{"start":{"line":91,"column":9},"end":{"line":91,"column":10}},"loc":{"start":{"line":91,"column":15},"end":{"line":98,"column":3}},"line":91},"16":{"name":"(anonymous_16)","decl":{"start":{"line":94,"column":26},"end":{"line":94,"column":27}},"loc":{"start":{"line":94,"column":36},"end":{"line":96,"column":7}},"line":94}},"branchMap":{"0":{"loc":{"start":{"line":9,"column":26},"end":{"line":9,"column":34}},"type":"default-arg","locations":[{"start":{"line":9,"column":33},"end":{"line":9,"column":34}}],"line":9},"1":{"loc":{"start":{"line":10,"column":4},"end":{"line":12,"column":5}},"type":"if","locations":[{"start":{"line":10,"column":4},"end":{"line":12,"column":5}},{"start":{"line":10,"column":4},"end":{"line":12,"column":5}}],"line":10},"2":{"loc":{"start":{"line":10,"column":8},"end":{"line":10,"column":51}},"type":"binary-expr","locations":[{"start":{"line":10,"column":8},"end":{"line":10,"column":17}},{"start":{"line":10,"column":21},"end":{"line":10,"column":51}}],"line":10},"3":{"loc":{"start":{"line":24,"column":19},"end":{"line":24,"column":36}},"type":"default-arg","locations":[{"start":{"line":24,"column":31},"end":{"line":24,"column":36}}],"line":24},"4":{"loc":{"start":{"line":31,"column":4},"end":{"line":33,"column":5}},"type":"if","locations":[{"start":{"line":31,"column":4},"end":{"line":33,"column":5}},{"start":{"line":31,"column":4},"end":{"line":33,"column":5}}],"line":31},"5":{"loc":{"start":{"line":39,"column":4},"end":{"line":41,"column":5}},"type":"if","locations":[{"start":{"line":39,"column":4},"end":{"line":41,"column":5}},{"start":{"line":39,"column":4},"end":{"line":41,"column":5}}],"line":39},"6":{"loc":{"start":{"line":49,"column":21},"end":{"line":49,"column":30}},"type":"default-arg","locations":[{"start":{"line":49,"column":29},"end":{"line":49,"column":30}}],"line":49},"7":{"loc":{"start":{"line":50,"column":4},"end":{"line":52,"column":5}},"type":"if","locations":[{"start":{"line":50,"column":4},"end":{"line":52,"column":5}},{"start":{"line":50,"column":4},"end":{"line":52,"column":5}}],"line":50},"8":{"loc":{"start":{"line":62,"column":4},"end":{"line":64,"column":5}},"type":"if","locations":[{"start":{"line":62,"column":4},"end":{"line":64,"column":5}},{"start":{"line":62,"column":4},"end":{"line":64,"column":5}}],"line":62},"9":{"loc":{"start":{"line":72,"column":4},"end":{"line":74,"column":5}},"type":"if","locations":[{"start":{"line":72,"column":4},"end":{"line":74,"column":5}},{"start":{"line":72,"column":4},"end":{"line":74,"column":5}}],"line":72},"10":{"loc":{"start":{"line":83,"column":6},"end":{"line":85,"column":7}},"type":"if","locations":[{"start":{"line":83,"column":6},"end":{"line":85,"column":7}},{"start":{"line":83,"column":6},"end":{"line":85,"column":7}}],"line":83},"11":{"loc":{"start":{"line":92,"column":4},"end":{"line":97,"column":5}},"type":"if","locations":[{"start":{"line":92,"column":4},"end":{"line":97,"column":5}},{"start":{"line":92,"column":4},"end":{"line":97,"column":5}}],"line":92}},"s":{"0":2,"1":2,"2":3,"3":0,"4":3,"5":2,"6":0,"7":0,"8":0,"9":0,"10":2,"11":2,"12":2,"13":2,"14":2,"15":3,"16":0,"17":3,"18":3,"19":2,"20":0,"21":0,"22":0,"23":0,"24":0,"25":0,"26":0,"27":0,"28":0,"29":2,"30":0,"31":0,"32":0,"33":0,"34":0,"35":0,"36":0,"37":0,"38":2,"39":0,"40":0,"41":0,"42":0,"43":0,"44":0,"45":2,"46":0,"47":0,"48":0,"49":0,"50":0,"51":0,"52":2,"53":0,"54":0,"55":0,"56":0,"57":0,"58":0,"59":2,"60":0,"61":0,"62":0,"63":0,"64":2},"f":{"0":2,"1":3,"2":0,"3":0,"4":2,"5":3,"6":0,"7":0,"8":0,"9":0,"10":0,"11":0,"12":0,"13":0,"14":0,"15":0,"16":0},"b":{"0":[3],"1":[0,3],"2":[3,3],"3":[2],"4":[0,3],"5":[0,0],"6":[0],"7":[0,0],"8":[0,0],"9":[0,0],"10":[0,0],"11":[0,0]},"_coverageSchema":"1a1c01bbd47fc00a2c39e90264f33305004495a9","hash":"72bc9cab326914bcf1048cfc5194c351d6b98867"}
}
